<?xml version="1.0" encoding="UTF-8"?>
<!-- Generated by org.testng.reporters.JUnitXMLReporter -->
<testsuite hostname="User-PC" ignored="0" tests="0" failures="0" timestamp="29 Jun 2020 14:06:25 GMT" time="0.028" errors="0">
  <testcase name="@BeforeTest initializer" time="0.021" classname="vin.Launch">
    <failure type="java.lang.NullPointerException">
      <![CDATA[java.lang.NullPointerException
at resources.BaseBrowser.identifyBrowser(BaseBrowser.java:35)
at vin.Launch.initializer(Launch.java:26)
at java.util.concurrent.FutureTask.run(FutureTask.java:266)
at java.util.concurrent.ThreadPoolExecutor.runWorker(ThreadPoolExecutor.java:1149)
at java.util.concurrent.ThreadPoolExecutor$Worker.run(ThreadPoolExecutor.java:624)
at java.lang.Thread.run(Thread.java:748)
... Removed 15 stack frames]]>
    </failure>
  </testcase> <!-- @BeforeTest initializer -->
</testsuite>
