<?xml version="1.0" encoding="UTF-8"?>
<!-- Generated by org.testng.reporters.JUnitXMLReporter -->
<testsuite hostname="User-PC" ignored="0" name="ValidateLandingPage - validate landing page" tests="2" failures="0" timestamp="29 Jun 2020 14:06:26 GMT" time="0.386" errors="0">
  <testcase name="@BeforeTest initializer" time="0.021" classname="vin.Login">
    <failure type="java.lang.NullPointerException">
      <![CDATA[java.lang.NullPointerException
at resources.BaseBrowser.identifyBrowser(BaseBrowser.java:35)
at vin.Login.initializer(Login.java:22)
at java.util.concurrent.FutureTask.run(FutureTask.java:266)
at java.util.concurrent.ThreadPoolExecutor.runWorker(ThreadPoolExecutor.java:1149)
at java.util.concurrent.ThreadPoolExecutor$Worker.run(ThreadPoolExecutor.java:624)
at java.lang.Thread.run(Thread.java:748)
... Removed 15 stack frames]]>
    </failure>
  </testcase> <!-- @BeforeTest initializer -->
  <testcase name="@BeforeTest initializer" time="0.021" classname="vin.ValidateLandingPage">
    <failure type="java.lang.NullPointerException">
      <![CDATA[java.lang.NullPointerException
at resources.BaseBrowser.identifyBrowser(BaseBrowser.java:35)
at vin.ValidateLandingPage.initializer(ValidateLandingPage.java:24)
at java.util.concurrent.FutureTask.run(FutureTask.java:266)
at java.util.concurrent.ThreadPoolExecutor.runWorker(ThreadPoolExecutor.java:1149)
at java.util.concurrent.ThreadPoolExecutor$Worker.run(ThreadPoolExecutor.java:624)
at java.lang.Thread.run(Thread.java:748)
... Removed 15 stack frames]]>
    </failure>
  </testcase> <!-- @BeforeTest initializer -->
  <testcase name="@AfterTest teardown" time="0.0" classname="vin.Login">
    <skipped/>
  </testcase> <!-- @AfterTest teardown -->
  <testcase name="@AfterTest teardown" time="0.0" classname="vin.ValidateLandingPage">
    <skipped/>
  </testcase> <!-- @AfterTest teardown -->
  <testcase name="validate" time="0.0" classname="vin.ValidateLandingPage">
    <skipped/>
  </testcase> <!-- validate -->
  <testcase name="validateBanner_LandingPage" time="0.0" classname="vin.ValidateLandingPage">
    <skipped/>
  </testcase> <!-- validateBanner_LandingPage -->
</testsuite> <!-- ValidateLandingPage - validate landing page -->
