<?xml version="1.0" encoding="UTF-8"?>
<!-- Generated by org.testng.reporters.JUnitXMLReporter -->
<testsuite hostname="User-PC" ignored="0" name="ValidateLandingPage - validate landing page" tests="2" failures="0" timestamp="29 Jun 2020 14:15:23 GMT" time="80.889" errors="0">
  <testcase name="validate" time="3.517" classname="vin.ValidateLandingPage"/>
  <testcase name="validateBanner_LandingPage" time="1.152" classname="vin.ValidateLandingPage"/>
</testsuite> <!-- ValidateLandingPage - validate landing page -->
