<?xml version="1.0" encoding="UTF-8"?>
<testng-results skipped="0" failed="0" ignored="0" total="1" passed="1">
  <reporter-output>
  </reporter-output>
  <suite name="Suite" duration-ms="68640" started-at="2020-06-30T19:03:16Z" finished-at="2020-06-30T19:04:25Z">
    <groups>
      <group name="cucumber">
        <method signature="AbstractTestNGCucumberTests.feature(cucumber.api.testng.CucumberFeatureWrapper)[pri:0, instance:cucumber.Options.TestRunner@cb0ed20]" name="feature" class="cucumber.api.testng.AbstractTestNGCucumberTests"/>
      </group> <!-- cucumber -->
    </groups>
    <test name="Validating User Login" duration-ms="68640" started-at="2020-06-30T19:03:16Z" finished-at="2020-06-30T19:04:25Z">
      <class name="cucumber.Options.TestRunner">
        <test-method status="PASS" signature="setUpClass()[pri:0, instance:cucumber.Options.TestRunner@cb0ed20]" name="setUpClass" is-config="true" duration-ms="319" started-at="2020-06-30T19:03:16Z" finished-at="2020-06-30T19:03:17Z">
          <reporter-output>
          </reporter-output>
        </test-method> <!-- setUpClass -->
        <test-method status="PASS" signature="feature(cucumber.api.testng.CucumberFeatureWrapper)[pri:0, instance:cucumber.Options.TestRunner@cb0ed20]" name="feature" duration-ms="68180" started-at="2020-06-30T19:03:17Z" description="Runs Cucumber Feature" data-provider="features" finished-at="2020-06-30T19:04:25Z">
          <params>
            <param index="0">
              <value>
                <![CDATA[Log into the application]]>
              </value>
            </param>
          </params>
          <reporter-output>
          </reporter-output>
        </test-method> <!-- feature -->
        <test-method status="PASS" signature="tearDownClass()[pri:0, instance:cucumber.Options.TestRunner@cb0ed20]" name="tearDownClass" is-config="true" duration-ms="5" started-at="2020-06-30T19:04:25Z" finished-at="2020-06-30T19:04:25Z">
          <reporter-output>
          </reporter-output>
        </test-method> <!-- tearDownClass -->
      </class> <!-- cucumber.Options.TestRunner -->
    </test> <!-- Validating User Login -->
  </suite> <!-- Suite -->
</testng-results>
