<?xml version="1.0" encoding="UTF-8"?>
<testng-results skipped="0" failed="0" ignored="0" total="1" passed="1">
  <reporter-output>
  </reporter-output>
  <suite name="Suite" duration-ms="48357" started-at="2020-06-30T18:53:44Z" finished-at="2020-06-30T18:54:33Z">
    <groups>
      <group name="cucumber">
        <method signature="AbstractTestNGCucumberTests.feature(cucumber.api.testng.CucumberFeatureWrapper)[pri:0, instance:cucumber.Options.TestRunner@5e955596]" name="feature" class="cucumber.api.testng.AbstractTestNGCucumberTests"/>
      </group> <!-- cucumber -->
    </groups>
    <test name="Validating User Login" duration-ms="48357" started-at="2020-06-30T18:53:44Z" finished-at="2020-06-30T18:54:33Z">
      <class name="cucumber.Options.TestRunner">
        <test-method status="PASS" signature="setUpClass()[pri:0, instance:cucumber.Options.TestRunner@5e955596]" name="setUpClass" is-config="true" duration-ms="428" started-at="2020-06-30T18:53:44Z" finished-at="2020-06-30T18:53:45Z">
          <reporter-output>
          </reporter-output>
        </test-method> <!-- setUpClass -->
        <test-method status="PASS" signature="feature(cucumber.api.testng.CucumberFeatureWrapper)[pri:0, instance:cucumber.Options.TestRunner@5e955596]" name="feature" duration-ms="47717" started-at="2020-06-30T18:53:45Z" description="Runs Cucumber Feature" data-provider="features" finished-at="2020-06-30T18:54:32Z">
          <params>
            <param index="0">
              <value>
                <![CDATA[Log into the application]]>
              </value>
            </param>
          </params>
          <reporter-output>
          </reporter-output>
        </test-method> <!-- feature -->
        <test-method status="PASS" signature="tearDownClass()[pri:0, instance:cucumber.Options.TestRunner@5e955596]" name="tearDownClass" is-config="true" duration-ms="5" started-at="2020-06-30T18:54:33Z" finished-at="2020-06-30T18:54:33Z">
          <reporter-output>
          </reporter-output>
        </test-method> <!-- tearDownClass -->
      </class> <!-- cucumber.Options.TestRunner -->
    </test> <!-- Validating User Login -->
  </suite> <!-- Suite -->
</testng-results>
